#
# There is insufficient memory for the Java Runtime Environment to continue.
# Native memory allocation (mmap) failed to map 132120576 bytes for G1 virtual space
# Possible reasons:
#   The system is out of physical RAM or swap space
#   The process is running with CompressedOops enabled, and the Java Heap may be blocking the growth of the native heap
# Possible solutions:
#   Reduce memory load on the system
#   Increase physical memory or swap space
#   Check if swap backing store is full
#   Decrease Java heap size (-Xmx/-Xms)
#   Decrease number of Java threads
#   Decrease Java thread stack sizes (-Xss)
#   Set larger code cache with -XX:ReservedCodeCacheSize=
#   JVM is running with Unscaled Compressed Oops mode in which the Java heap is
#     placed in the first 4GB address space. The Java Heap base address is the
#     maximum limit for the native heap growth. Please use -XX:HeapBaseMinAddress
#     to set the Java Heap base and to place the Java Heap above 4GB virtual address.
# This output file may be truncated or incomplete.
#
#  Out of Memory Error (os_windows.cpp:3769), pid=16812, tid=12660
#
# JRE version:  (17.0.6+10) (build )
# Java VM: OpenJDK 64-Bit Server VM (17.0.6+10-b829.9, mixed mode, sharing, tiered, compressed oops, compressed class ptrs, g1 gc, windows-amd64)
# No core dump will be written. Minidumps are not enabled by default on client versions of Windows
#

---------------  S U M M A R Y ------------

Command Line: git4idea.http.GitAskPassApp Username for 'https://github.com': 

Host: Intel(R) Core(TM) i5-10300H CPU @ 2.50GHz, 8 cores, 7G,  Windows 10 , 64 bit Build 19041 (10.0.19041.2913)
Time: Thu Jun  1 01:38:20 2023 Türkiye Standart Saati elapsed time: 0.075438 seconds (0d 0h 0m 0s)

---------------  T H R E A D  ---------------

Current thread (0x0000014e1adcac40):  JavaThread "Unknown thread" [_thread_in_vm, id=12660, stack(0x000000045f100000,0x000000045f200000)]

Stack: [0x000000045f100000,0x000000045f200000]
Native frames: (J=compiled Java code, j=interpreted, Vv=VM code, C=native code)
V  [jvm.dll+0x683c5a]
V  [jvm.dll+0x842764]
V  [jvm.dll+0x843f5e]
V  [jvm.dll+0x8445c3]
V  [jvm.dll+0x249b75]
V  [jvm.dll+0x680b29]
V  [jvm.dll+0x67501a]
V  [jvm.dll+0x309acb]
V  [jvm.dll+0x310f86]
V  [jvm.dll+0x3608ee]
V  [jvm.dll+0x360b1f]
V  [jvm.dll+0x2dfbf8]
V  [jvm.dll+0x2e0b64]
V  [jvm.dll+0x814051]
V  [jvm.dll+0x36e6a1]
V  [jvm.dll+0x7f358c]
V  [jvm.dll+0x3f0e8f]
V  [jvm.dll+0x3f29d1]
C  [jli.dll+0x526b]
C  [ucrtbase.dll+0x21bb2]
C  [KERNEL32.DLL+0x17614]
C  [ntdll.dll+0x526a1]


---------------  P R O C E S S  ---------------

Threads class SMR info:
_java_thread_list=0x00007ff91b99c058, length=0, elements={
}

Java Threads: ( => current thread )

Other Threads:
  0x0000014e1ae28c90 GCTaskThread "GC Thread#0" [stack: 0x000000045f200000,0x000000045f300000] [id=26504]
  0x0000014e1ae397d0 ConcurrentGCThread "G1 Main Marker" [stack: 0x000000045f300000,0x000000045f400000] [id=18932]
  0x0000014e1ae3a1e0 ConcurrentGCThread "G1 Conc#0" [stack: 0x000000045f400000,0x000000045f500000] [id=23620]

[error occurred during error reporting (printing all threads), id 0xc0000005, EXCEPTION_ACCESS_VIOLATION (0xc0000005) at pc=0x00007ff91b150797]

VM state: not at safepoint (not fully initialized)

VM Mutex/Monitor currently owned by a thread:  ([mutex/lock_event])
[0x0000014e1adc6a40] Heap_lock - owner thread: 0x0000014e1adcac40

Heap address: 0x0000000082000000, size: 2016 MB, Compressed Oops mode: 32-bit

CDS archive(s) mapped at: [0x0000000000000000-0x0000000000000000-0x0000000000000000), size 0, SharedBaseAddress: 0x0000000800000000, ArchiveRelocationMode: 0.
Narrow klass base: 0x0000000000000000, Narrow klass shift: 0, Narrow klass range: 0x0

GC Precious Log:
<Empty>

Heap:
 garbage-first heap   total 0K, used 0K [0x0000000082000000, 0x0000000100000000)
  region size 1024K, 0 young (0K), 0 survivors (0K)

[error occurred during error reporting (printing heap information), id 0xc0000005, EXCEPTION_ACCESS_VIOLATION (0xc0000005) at pc=0x00007ff91b53da49]

GC Heap History (0 events):
No events

Dll operation events (1 events):
Event: 0.047 Loaded shared library C:\Program Files\JetBrains\IntelliJ IDEA 2023.1.1\jbr\bin\java.dll

Deoptimization events (0 events):
No events

Classes unloaded (0 events):
No events

Classes redefined (0 events):
No events

Internal exceptions (0 events):
No events

VM Operations (0 events):
No events

Events (0 events):
No events


Dynamic libraries:
0x00007ff631220000 - 0x00007ff63122a000 	C:\Program Files\JetBrains\IntelliJ IDEA 2023.1.1\jbr\bin\java.exe
0x00007ff992970000 - 0x00007ff992b68000 	C:\Windows\SYSTEM32\ntdll.dll
0x00007ff991e60000 - 0x00007ff991f1f000 	C:\Windows\System32\KERNEL32.DLL
0x00007ff990290000 - 0x00007ff990586000 	C:\Windows\System32\KERNELBASE.dll
0x00007ff990050000 - 0x00007ff990150000 	C:\Windows\System32\ucrtbase.dll
0x00007ff988090000 - 0x00007ff9880a7000 	C:\Program Files\JetBrains\IntelliJ IDEA 2023.1.1\jbr\bin\jli.dll
0x00007ff992710000 - 0x00007ff9928ad000 	C:\Windows\System32\USER32.dll
0x00007ff9909a0000 - 0x00007ff9909c2000 	C:\Windows\System32\win32u.dll
0x00007ff98f450000 - 0x00007ff98f6ea000 	C:\Windows\WinSxS\amd64_microsoft.windows.common-controls_6595b64144ccf1df_6.0.19041.1110_none_60b5254171f9507e\COMCTL32.dll
0x00007ff991db0000 - 0x00007ff991ddc000 	C:\Windows\System32\GDI32.dll
0x00007ff990d60000 - 0x00007ff990dfe000 	C:\Windows\System32\msvcrt.dll
0x00007ff9907f0000 - 0x00007ff990905000 	C:\Windows\System32\gdi32full.dll
0x00007ff990180000 - 0x00007ff99021d000 	C:\Windows\System32\msvcp_win.dll
0x00007ff945100000 - 0x00007ff94511b000 	C:\Program Files\JetBrains\IntelliJ IDEA 2023.1.1\jbr\bin\VCRUNTIME140.dll
0x00007ff991f20000 - 0x00007ff991f50000 	C:\Windows\System32\IMM32.DLL
0x00007ff982c90000 - 0x00007ff982c9c000 	C:\Program Files\JetBrains\IntelliJ IDEA 2023.1.1\jbr\bin\vcruntime140_1.dll
0x00007ff92bcf0000 - 0x00007ff92bd7d000 	C:\Program Files\JetBrains\IntelliJ IDEA 2023.1.1\jbr\bin\msvcp140.dll
0x00007ff91ae60000 - 0x00007ff91bace000 	C:\Program Files\JetBrains\IntelliJ IDEA 2023.1.1\jbr\bin\server\jvm.dll
0x00007ff990e00000 - 0x00007ff990eaf000 	C:\Windows\System32\ADVAPI32.dll
0x00007ff9909d0000 - 0x00007ff990a6c000 	C:\Windows\System32\sechost.dll
0x00007ff9921d0000 - 0x00007ff9922f6000 	C:\Windows\System32\RPCRT4.dll
0x00007ff974bc0000 - 0x00007ff974bc9000 	C:\Windows\SYSTEM32\WSOCK32.dll
0x00007ff992160000 - 0x00007ff9921cb000 	C:\Windows\System32\WS2_32.dll
0x00007ff9896e0000 - 0x00007ff9896ea000 	C:\Windows\SYSTEM32\VERSION.dll
0x00007ff976d70000 - 0x00007ff976d97000 	C:\Windows\SYSTEM32\WINMM.dll
0x00007ff98d140000 - 0x00007ff98d152000 	C:\Windows\SYSTEM32\kernel.appcore.dll
0x00007ff98e090000 - 0x00007ff98e09a000 	C:\Program Files\JetBrains\IntelliJ IDEA 2023.1.1\jbr\bin\jimage.dll
0x00007ff98fa00000 - 0x00007ff98fbe4000 	C:\Windows\SYSTEM32\DBGHELP.DLL
0x00007ff98f9c0000 - 0x00007ff98f9f4000 	C:\Windows\SYSTEM32\dbgcore.DLL
0x00007ff990910000 - 0x00007ff990992000 	C:\Windows\System32\bcryptPrimitives.dll
0x00007ff98a820000 - 0x00007ff98a845000 	C:\Program Files\JetBrains\IntelliJ IDEA 2023.1.1\jbr\bin\java.dll

dbghelp: loaded successfully - version: 4.0.5 - missing functions: none
symbol engine: initialized successfully - sym options: 0x614 - pdb path: .;C:\Program Files\JetBrains\IntelliJ IDEA 2023.1.1\jbr\bin;C:\Windows\SYSTEM32;C:\Windows\WinSxS\amd64_microsoft.windows.common-controls_6595b64144ccf1df_6.0.19041.1110_none_60b5254171f9507e;C:\Program Files\JetBrains\IntelliJ IDEA 2023.1.1\jbr\bin\server

VM Arguments:
java_command: git4idea.http.GitAskPassApp Username for 'https://github.com': 
java_class_path (initial): C:/Program Files/JetBrains/IntelliJ IDEA 2023.1.1/plugins/vcs-git/lib/git4idea-rt.jar;C:/Program Files/JetBrains/IntelliJ IDEA 2023.1.1/lib/externalProcess-rt.jar
Launcher Type: SUN_STANDARD

[Global flags]
     intx CICompilerCount                          = 4                                         {product} {ergonomic}
     uint ConcGCThreads                            = 2                                         {product} {ergonomic}
     uint G1ConcRefinementThreads                  = 8                                         {product} {ergonomic}
   size_t G1HeapRegionSize                         = 1048576                                   {product} {ergonomic}
    uintx GCDrainStackTargetSize                   = 64                                        {product} {ergonomic}
   size_t InitialHeapSize                          = 132120576                                 {product} {ergonomic}
   size_t MarkStackSize                            = 4194304                                   {product} {ergonomic}
   size_t MaxHeapSize                              = 2113929216                                {product} {ergonomic}
   size_t MinHeapDeltaBytes                        = 1048576                                   {product} {ergonomic}
   size_t MinHeapSize                              = 8388608                                   {product} {ergonomic}
    uintx NonNMethodCodeHeapSize                   = 5839372                                {pd product} {ergonomic}
    uintx NonProfiledCodeHeapSize                  = 122909434                              {pd product} {ergonomic}
    uintx ProfiledCodeHeapSize                     = 122909434                              {pd product} {ergonomic}
    uintx ReservedCodeCacheSize                    = 251658240                              {pd product} {ergonomic}
     bool SegmentedCodeCache                       = true                                      {product} {ergonomic}
   size_t SoftMaxHeapSize                          = 2113929216                             {manageable} {ergonomic}
     bool UseCompressedClassPointers               = true                           {product lp64_product} {ergonomic}
     bool UseCompressedOops                        = true                           {product lp64_product} {ergonomic}
     bool UseG1GC                                  = true                                      {product} {ergonomic}
     bool UseLargePagesIndividualAllocation        = false                                  {pd product} {ergonomic}

Logging:
Log output configuration:
 #0: stdout all=warning uptime,level,tags
 #1: stderr all=off uptime,level,tags

Environment Variables:
PATH=C:\Program Files\Git\mingw64\libexec\git-core;C:\Program Files\Git\mingw64\libexec\git-core;C:\Program Files\Git\mingw64\bin;C:\Program Files\Git\usr\bin;C:\Users\User\bin;C:\app\User\product\21c\dbhomeXE\bin;C:\Program Files\Common Files\Oracle\Java\javapath;C:\Windows\system32;C:\Windows;C:\Windows\System32\Wbem;C:\Windows\System32\WindowsPowerShell\v1.0;C:\Windows\System32\OpenSSH;C:\Program Files (x86)\NVIDIA Corporation\PhysX\Common;C:\Program Files\NVIDIA Corporation\NVIDIA NvDLISR;C:\Program Files\nodejs;C:\Program Files\Microsoft SQL Server\Client SDK\ODBC\170\Tools\Binn;C:\Program Files (x86)\Microsoft SQL Server\150\Tools\Binn;C:\Program Files\Microsoft SQL Server\150\Tools\Binn;C:\Program Files\Microsoft SQL Server\150\DTS\Binn;C:\Program Files (x86)\Microsoft SQL Server\150\DTS\Binn;C:\Program Files\Azure Data Studio\bin;C:\Program Files\Microsoft SQL Server\130\Tools\Binn;C:\Program Files\dotnet;C:\Program Files\Docker\Docker\resources\bin;C:\ProgramData\DockerDesktop\version-bin;C:\apache-maven-3.8.6-bin\apache-maven-3.8.6\bin;C:\Users\User\AppData\Local\Programs\Python\Python38;C:\Users\User\AppData\Local\Programs\Python\Python38\Scripts;C:\Program Files\MongoDB\Server\6.0\bin;C:\sqlite3;C:\Anaconda3\Library\bin;C:\Anaconda3\Scripts;C:\Anaconda3\condabin;C:\Program Files\MATLAB\R2023a\runtime\win64;C:\Program Files\MATLAB\R2023a\bin;C:\Program Files\PuTTY;C:\Users\User\AppData\Local\Programs\Python\Python38\Scripts;C:\Users\User\AppData\Local\Programs\Python\Python38;C:\Users\User\AppData\Local\Programs\Python\Python310\Scripts;C:\Users\User\AppData\Local\Programs\Python\Python310;C:\Program Files\MySQL\MySQL Shell 8.0\bin;C:\Users\User\AppData\Local\Microsoft\WindowsApps;C:\Users\User\AppData\Roaming\npm;C:\Users\User\AppData\Local\Programs\Microsoft VS Code\bin;C:\Program Files\Azure Data Studio\bin;C:\Program Files\Java\jdk-16.0.2\bin;C:\Users\User\AppData\Local\GitHubDesktop\bin;C:\Users\User\.dotnet\tools;C:\Program Files\JetBrains\PyCharm Comm
USERNAME=User
DISPLAY=:0.0
LC_ALL=en_US.UTF-8
TERM=cygwin
TMPDIR=C:\Users\User\AppData\Local\Temp
OS=Windows_NT
PROCESSOR_IDENTIFIER=Intel64 Family 6 Model 165 Stepping 2, GenuineIntel
TMP=C:\Users\User\AppData\Local\Temp
TEMP=C:\Users\User\AppData\Local\Temp


JNI global refs:

[error occurred during error reporting (JNI global references), id 0xc0000005, EXCEPTION_ACCESS_VIOLATION (0xc0000005) at pc=0x00007ff91af17a10]


---------------  S Y S T E M  ---------------

OS:
 Windows 10 , 64 bit Build 19041 (10.0.19041.2913)
OS uptime: 1 days 2:49 hours
Hyper-V role detected

CPU: total 8 (initial active 8) (4 cores per cpu, 2 threads per core) family 6 model 165 stepping 2 microcode 0xec, cx8, cmov, fxsr, ht, mmx, 3dnowpref, sse, sse2, sse3, ssse3, sse4.1, sse4.2, popcnt, lzcnt, tsc, tscinvbit, avx, avx2, aes, erms, clmul, bmi1, bmi2, adx, fma, vzeroupper, clflush, clflushopt, hv

Memory: 4k page, system-wide physical 8059M (342M free)
TotalPageFile size 32635M (AvailPageFile size 84M)
current process WorkingSet (physical memory assigned to process): 10M, peak: 10M
current process commit charge ("private bytes"): 60M, peak: 186M

vm_info: OpenJDK 64-Bit Server VM (17.0.6+10-b829.9) for windows-amd64 JRE (17.0.6+10-b829.9), built on 2023-04-09 by "builduser" with MS VC++ 16.10 / 16.11 (VS2019)

END.
